🚀 Starting IPA build for TestFlight...
📦 Bundle ID: com.someplanets.monzieaiv2
🔢 Build Number: 13
📱 Version: 1.0.0

🧹 Cleaning previous builds...
📦 Installing CocoaPods dependencies...
Using Expo modules
[Expo] Enabling modular headers for pod ExpoModulesCore
[Expo] Enabling modular headers for pod React-Core
[Expo] Enabling modular headers for pod GoogleSignIn
[Expo] Enabling modular headers for pod React-RCTAppDelegate
[Expo] Enabling modular headers for pod React-RCTFabric
[Expo] Enabling modular headers for pod ReactAppDependencyProvider
[Expo] Enabling modular headers for pod ReactCodegen
[Expo] Enabling modular headers for pod RCTRequired
[Expo] Enabling modular headers for pod RCTTypeSafety
[Expo] Enabling modular headers for pod ReactCommon
[Expo] Enabling modular headers for pod React-NativeModulesApple
[Expo] Enabling modular headers for pod Yoga
[Expo] Enabling modular headers for pod React-Fabric
[Expo] Enabling modular headers for pod React-graphics
[Expo] Enabling modular headers for pod React-utils
[Expo] Enabling modular headers for pod React-featureflags
[Expo] Enabling modular headers for pod React-debug
[Expo] Enabling modular headers for pod React-ImageManager
[Expo] Enabling modular headers for pod React-rendererdebug
[Expo] Enabling modular headers for pod React-jsi
[Expo] Enabling modular headers for pod React-renderercss
[Expo] Enabling modular headers for pod hermes-engine
[Expo] Enabling modular headers for pod glog
[Expo] Enabling modular headers for pod boost
[Expo] Enabling modular headers for pod DoubleConversion
[Expo] Enabling modular headers for pod fast_float
[Expo] Enabling modular headers for pod fmt
[Expo] Enabling modular headers for pod RCT-Folly
[Expo] Enabling modular headers for pod SocketRocket
[Expo] Enabling modular headers for pod expo-dev-menu-interface
[Expo] Enabling modular headers for pod EXManifests
[Expo] Enabling modular headers for pod EXUpdatesInterface
[Expo] Enabling modular headers for pod expo-dev-menu
[Expo] Enabling modular headers for pod React-jsinspector
[Expo] Enabling modular headers for pod expo-dev-launcher
[Expo] Enabling modular headers for pod SDWebImage
[Expo] Enabling modular headers for pod SDWebImageAVIFCoder
[Expo] Enabling modular headers for pod SDWebImageSVGCoder
[Expo] Enabling modular headers for pod SDWebImageWebPCoder
[Expo] Enabling modular headers for pod libavif
[Expo] Enabling modular headers for pod EXImageLoader
[Lottie React Native] Using install_modules_dependencies
Found 8 modules for target `monzieai`
link_native_modules! {ios_packages: [{configurations: [], name: "@react-native-async-storage/async-storage", root: "/Users/magnusmagi/Desktop/expo-1/monzieai/node_modules/@react-native-async-storage/async-storage", path: "../node_modules/@react-native-async-storage/async-storage", podspec_path: "/Users/magnusmagi/Desktop/expo-1/monzieai/node_modules/@react-native-async-storage/async-storage/RNCAsyncStorage.podspec", script_phases: []}, {configurations: [], name: "@react-native-google-signin/google-signin", root: "/Users/magnusmagi/Desktop/expo-1/monzieai/node_modules/@react-native-google-signin/google-signin", path: "../node_modules/@react-native-google-signin/google-signin", podspec_path: "/Users/magnusmagi/Desktop/expo-1/monzieai/node_modules/@react-native-google-signin/google-signin/RNGoogleSignin.podspec", script_phases: []}, {configurations: [], name: "expo", root: "/Users/magnusmagi/Desktop/expo-1/monzieai/node_modules/expo", path: "../node_modules/expo", podspec_path: "/Users/magnusmagi/Desktop/expo-1/monzieai/node_modules/expo/Expo.podspec", script_phases: []}, {configurations: [], name: "lottie-react-native", root: "/Users/magnusmagi/Desktop/expo-1/monzieai/node_modules/lottie-react-native", path: "../node_modules/lottie-react-native", podspec_path: "/Users/magnusmagi/Desktop/expo-1/monzieai/node_modules/lottie-react-native/lottie-react-native.podspec", script_phases: []}, {configurations: [], name: "react-native-purchases", root: "/Users/magnusmagi/Desktop/expo-1/monzieai/node_modules/react-native-purchases", path: "../node_modules/react-native-purchases", podspec_path: "/Users/magnusmagi/Desktop/expo-1/monzieai/node_modules/react-native-purchases/RNPurchases.podspec", script_phases: []}, {configurations: [], name: "react-native-purchases-ui", root: "/Users/magnusmagi/Desktop/expo-1/monzieai/node_modules/react-native-purchases-ui", path: "../node_modules/react-native-purchases-ui", podspec_path: "/Users/magnusmagi/Desktop/expo-1/monzieai/node_modules/react-native-purchases-ui/RNPaywalls.podspec", script_phases: []}, {configurations: [], name: "react-native-safe-area-context", root: "/Users/magnusmagi/Desktop/expo-1/monzieai/node_modules/react-native-safe-area-context", path: "../node_modules/react-native-safe-area-context", podspec_path: "/Users/magnusmagi/Desktop/expo-1/monzieai/node_modules/react-native-safe-area-context/react-native-safe-area-context.podspec", script_phases: []}, {configurations: [], name: "react-native-screens", root: "/Users/magnusmagi/Desktop/expo-1/monzieai/node_modules/react-native-screens", path: "../node_modules/react-native-screens", podspec_path: "/Users/magnusmagi/Desktop/expo-1/monzieai/node_modules/react-native-screens/RNScreens.podspec", script_phases: []}], ios_project_root_path: "/Users/magnusmagi/Desktop/expo-1/monzieai/ios", react_native_path: "../node_modules/react-native"}
[Lottie React Native] Using install_modules_dependencies
Auto-linking React Native modules for target `monzieai`: RNCAsyncStorage, RNGoogleSignin, RNPaywalls, RNPurchases, RNScreens, lottie-react-native, and react-native-safe-area-context
Framework build type is static library
[ReactNativeDependencies] Setting up ReactNativeDependencies...
[ReactNativeDependencies] Building from source: false
[ReactNativeDependencies] Using release tarball
[ReactNativeDependencies] Using tarball from URL: https://repo1.maven.org/maven2/com/facebook/react/react-native-artifacts/0.81.5/react-native-artifacts-0.81.5-reactnative-dependencies-debug.tar.gz
[ReactNativeDependencies] Source: {http: "https://repo1.maven.org/maven2/com/facebook/react/react-native-artifacts/0.81.5/react-native-artifacts-0.81.5-reactnative-dependencies-debug.tar.gz"}
[ReactNativeCore] Setting up ReactNativeCore...
[ReactNativeCore] Building from source: false
[ReactNativeCore] Using tarball from URL: https://repo1.maven.org/maven2/com/facebook/react/react-native-artifacts/0.81.5/react-native-artifacts-0.81.5-reactnative-core-debug.tar.gz
[ReactNativeCore] Source: {http: "https://repo1.maven.org/maven2/com/facebook/react/react-native-artifacts/0.81.5/react-native-artifacts-0.81.5-reactnative-core-debug.tar.gz"}
Configuring the target with the New Architecture
[ReactNativeCore] Using React Native Core and React Native Dependencies prebuilt versions.
[36m[1m[Codegen][0m Analyzing /Users/magnusmagi/Desktop/expo-1/monzieai/package.json[0m
[36m[1m[Codegen][0m [33mSearching for codegen-enabled libraries in the app.[0m
[36m[1m[Codegen][0m [33mThe "codegenConfig" field is not defined in package.json. Assuming there is nothing to generate at the app level.[0m
[36m[1m[Codegen][0m [33mSearching for codegen-enabled libraries in react-native.config.js[0m
[36m[1m[Codegen][0m Found @react-native-async-storage/async-storage[0m
[36m[1m[Codegen][0m Found @react-native-google-signin/google-signin[0m
[36m[1m[Codegen][0m Found lottie-react-native[0m
[36m[1m[Codegen][0m Found react-native-safe-area-context[0m
[36m[1m[Codegen][0m Found react-native-screens[0m
[36m[1m[Codegen][0m Processing rnasyncstorage[0m
[36m[1m[Codegen][0m [33mSearching for podspec in the project dependencies.[0m
[36m[1m[Codegen][0m Supported Apple platforms: ios, macos, tvos, visionos for rnasyncstorage[0m
[36m[1m[Codegen][0m Processing RNGoogleSignInCGen[0m
[36m[1m[Codegen][0m [33mSearching for podspec in the project dependencies.[0m
[36m[1m[Codegen][0m Supported Apple platforms: ios for RNGoogleSignInCGen[0m
[36m[1m[Codegen][0m Processing lottiereactnative[0m
[36m[1m[Codegen][0m [33mSearching for podspec in the project dependencies.[0m
[36m[1m[Codegen][0m Supported Apple platforms: ios, macos, tvos, visionos for lottiereactnative[0m
[36m[1m[Codegen][0m Processing safeareacontext[0m
[36m[1m[Codegen][0m [33mSearching for podspec in the project dependencies.[0m
[36m[1m[Codegen][0m Supported Apple platforms: ios, macos, tvos, visionos for safeareacontext[0m
[36m[1m[Codegen][0m Processing rnscreens[0m
[36m[1m[Codegen][0m [33mSearching for podspec in the project dependencies.[0m
[36m[1m[Codegen][0m Supported Apple platforms: ios, tvos, visionos for rnscreens[0m
[36m[1m[Codegen][0m Generating Native Code for rnasyncstorage - ios[0m
[36m[1m[Codegen][0m Generated artifacts: /Users/magnusmagi/Desktop/expo-1/monzieai/ios/build/generated/ios[0m
[36m[1m[Codegen][0m Generating Native Code for RNGoogleSignInCGen - ios[0m
[36m[1m[Codegen][0m Generated artifacts: /Users/magnusmagi/Desktop/expo-1/monzieai/ios/build/generated/ios[0m
[36m[1m[Codegen][0m Generating Native Code for lottiereactnative - ios[0m
[36m[1m[Codegen][0m Generated artifacts: /Users/magnusmagi/Desktop/expo-1/monzieai/ios/build/generated/ios[0m
[36m[1m[Codegen][0m Generating Native Code for safeareacontext - ios[0m
[36m[1m[Codegen][0m Generated artifacts: /Users/magnusmagi/Desktop/expo-1/monzieai/ios/build/generated/ios[0m
[36m[1m[Codegen][0m Generating Native Code for rnscreens - ios[0m
[36m[1m[Codegen][0m Generated artifacts: /Users/magnusmagi/Desktop/expo-1/monzieai/ios/build/generated/ios[0m
[36m[1m[Codegen][0m Generating RCTThirdPartyComponentsProvider.h[0m
[36m[1m[Codegen][0m Generated artifact: /Users/magnusmagi/Desktop/expo-1/monzieai/ios/build/generated/ios/RCTThirdPartyComponentsProvider.h[0m
[36m[1m[Codegen][0m Generating RCTThirdPartyComponentsProvider.mm[0m
[36m[1m[Codegen][0m Generated artifact: /Users/magnusmagi/Desktop/expo-1/monzieai/ios/build/generated/ios/RCTThirdPartyComponentsProvider.mm[0m
[36m[1m[Codegen][0m Generating RCTModulesProvider.h[0m
[36m[1m[Codegen][0m Generated artifact: /Users/magnusmagi/Desktop/expo-1/monzieai/ios/build/generated/ios/RCTModuleProviders.h[0m
[36m[1m[Codegen][0m Generating RCTModuleProviders.mm[0m
[36m[1m[Codegen][0m Generated artifact: /Users/magnusmagi/Desktop/expo-1/monzieai/ios/build/generated/ios/RCTModuleProviders.mm[0m
[36m[1m[Codegen][0m Generating RCTAppDependencyProvider[0m
[36m[1m[Codegen][0m Generated artifact: /Users/magnusmagi/Desktop/expo-1/monzieai/ios/build/generated/ios/RCTAppDependencyProvider.h[0m
[36m[1m[Codegen][0m Generated artifact: /Users/magnusmagi/Desktop/expo-1/monzieai/ios/build/generated/ios/RCTAppDependencyProvider.mm[0m
[36m[1m[Codegen][0m Generated podspec: /Users/magnusmagi/Desktop/expo-1/monzieai/ios/build/generated/ios/ReactAppDependencyProvider.podspec[0m
[36m[1m[Codegen][0m Generated podspec: /Users/magnusmagi/Desktop/expo-1/monzieai/ios/build/generated/ios/ReactCodegen.podspec[0m
[36m[1m[Codegen][0m [33mDone.[0m
[ReactNativeDependencies] Using release tarball
[ReactNativeDependencies] Using tarball from URL: https://repo1.maven.org/maven2/com/facebook/react/react-native-artifacts/0.81.5/react-native-artifacts-0.81.5-reactnative-dependencies-debug.tar.gz
Updating local specs repositories
